<?xml version="1.0" encoding="UTF-8"?>
<!-- Generated by org.testng.reporters.JUnitXMLReporter -->
<testsuite ignored="0" hostname="GJ-VT-PC" failures="0" tests="4" name="EdgeTest" time="70.126" errors="0" timestamp="2021-11-25T10:40:10 IST">
  <testcase classname="com.qa.testscripts.TC_AmazonSearch_001" name="searchItem" time="8.764"/>
  <testcase classname="com.qa.testscripts.TC_AmazonSearch_001" name="searchItem" time="9.562"/>
  <testcase classname="com.qa.testscripts.TC_AmazonSearch_001" name="searchItem" time="9.5"/>
  <testcase classname="com.qa.testscripts.TC_AmazonSearch_001" name="searchItem" time="7.668"/>
</testsuite> <!-- EdgeTest -->
