<?xml version="1.0" encoding="UTF-8"?>
<testng-results ignored="0" total="4" passed="3" failed="1" skipped="0">
  <reporter-output>
    <line>
      <![CDATA[Amazon.in : gauti]]>
    </line>
    <line>
      <![CDATA[Incorrect title]]>
    </line>
    <line>
      <![CDATA[Amazon.in : table]]>
    </line>
    <line>
      <![CDATA[Incorrect title]]>
    </line>
    <line>
      <![CDATA[Amazon.in : gunaseelan]]>
    </line>
    <line>
      <![CDATA[Incorrect title]]>
    </line>
  </reporter-output>
  <suite started-at="2021-11-26T09:23:00 IST" name="Suite" finished-at="2021-11-26T09:23:27 IST" duration-ms="26940">
    <groups>
    </groups>
    <test started-at="2021-11-26T09:23:00 IST" name="ChromeTest" finished-at="2021-11-26T09:23:27 IST" duration-ms="26940">
      <class name="com.qa.testscripts.TC_AmazonSearch_001">
        <test-method is-config="true" signature="SetUp(java.lang.String,java.lang.String)[pri:0, instance:com.qa.testscripts.TC_AmazonSearch_001@10d307f1]" started-at="2021-11-26T09:23:00 IST" name="SetUp" finished-at="2021-11-26T09:23:10 IST" duration-ms="10129" status="PASS">
          <params>
            <param index="0">
              <value>
                <![CDATA[Chrome]]>
              </value>
            </param>
            <param index="1">
              <value>
                <![CDATA[https://www.amazon.in/]]>
              </value>
            </param>
          </params>
          <reporter-output>
          </reporter-output>
        </test-method> <!-- SetUp -->
        <test-method signature="searchItem(java.lang.String,java.lang.String)[pri:0, instance:com.qa.testscripts.TC_AmazonSearch_001@10d307f1]" started-at="2021-11-26T09:23:12 IST" name="searchItem" data-provider="getData" finished-at="2021-11-26T09:23:15 IST" duration-ms="3665" status="PASS">
          <params>
            <param index="0">
              <value>
                <![CDATA[Books]]>
              </value>
            </param>
            <param index="1">
              <value>
                <![CDATA[gauti]]>
              </value>
            </param>
          </params>
          <reporter-output>
            <line>
              <![CDATA[Amazon.in : gauti]]>
            </line>
            <line>
              <![CDATA[Incorrect title]]>
            </line>
          </reporter-output>
        </test-method> <!-- searchItem -->
        <test-method signature="searchItem(java.lang.String,java.lang.String)[pri:0, instance:com.qa.testscripts.TC_AmazonSearch_001@10d307f1]" started-at="2021-11-26T09:23:15 IST" name="searchItem" data-provider="getData" finished-at="2021-11-26T09:23:16 IST" duration-ms="92" status="FAIL">
          <params>
            <param index="0">
              <value>
                <![CDATA[Mobiles]]>
              </value>
            </param>
            <param index="1">
              <value>
                <![CDATA[smart watch]]>
              </value>
            </param>
          </params>
          <exception class="org.openqa.selenium.NoSuchElementException">
            <message>
              <![CDATA[Cannot locate element with text: Mobiles
For documentation on this error, please visit: https://www.seleniumhq.org/exceptions/no_such_element.html
Build info: version: '3.141.59', revision: 'e82be7d358', time: '2018-11-14T08:17:03'
System info: host: 'GJ-VT-PC', ip: '192.168.43.120', os.name: 'Windows 10', os.arch: 'amd64', os.version: '10.0', java.version: '15.0.2'
Driver info: driver.version: unknown]]>
            </message>
            <full-stacktrace>
              <![CDATA[org.openqa.selenium.NoSuchElementException: Cannot locate element with text: Mobiles
For documentation on this error, please visit: https://www.seleniumhq.org/exceptions/no_such_element.html
Build info: version: '3.141.59', revision: 'e82be7d358', time: '2018-11-14T08:17:03'
System info: host: 'GJ-VT-PC', ip: '192.168.43.120', os.name: 'Windows 10', os.arch: 'amd64', os.version: '10.0', java.version: '15.0.2'
Driver info: driver.version: unknown
at org.openqa.selenium.support.ui.Select.selectByVisibleText(Select.java:147)
at com.qa.testscripts.TC_AmazonSearch_001.searchItem(TC_AmazonSearch_001.java:21)
at java.base/jdk.internal.reflect.NativeMethodAccessorImpl.invoke0(Native Method)
at java.base/jdk.internal.reflect.NativeMethodAccessorImpl.invoke(NativeMethodAccessorImpl.java:64)
at java.base/jdk.internal.reflect.DelegatingMethodAccessorImpl.invoke(DelegatingMethodAccessorImpl.java:43)
at java.base/java.lang.reflect.Method.invoke(Method.java:564)
at org.testng.internal.MethodInvocationHelper.invokeMethod(MethodInvocationHelper.java:133)
at org.testng.internal.TestInvoker.invokeMethod(TestInvoker.java:598)
at org.testng.internal.TestInvoker.invokeTestMethod(TestInvoker.java:173)
at org.testng.internal.MethodRunner.runInSequence(MethodRunner.java:46)
at org.testng.internal.TestInvoker$MethodInvocationAgent.invoke(TestInvoker.java:824)
at org.testng.internal.TestInvoker.invokeTestMethods(TestInvoker.java:146)
at org.testng.internal.TestMethodWorker.invokeTestMethods(TestMethodWorker.java:146)
at org.testng.internal.TestMethodWorker.run(TestMethodWorker.java:128)
at java.base/java.util.concurrent.ThreadPoolExecutor.runWorker(ThreadPoolExecutor.java:1130)
at java.base/java.util.concurrent.ThreadPoolExecutor$Worker.run(ThreadPoolExecutor.java:630)
at java.base/java.lang.Thread.run(Thread.java:832)
]]>
            </full-stacktrace>
          </exception> <!-- org.openqa.selenium.NoSuchElementException -->
          <reporter-output>
          </reporter-output>
        </test-method> <!-- searchItem -->
        <test-method signature="searchItem(java.lang.String,java.lang.String)[pri:0, instance:com.qa.testscripts.TC_AmazonSearch_001@10d307f1]" started-at="2021-11-26T09:23:16 IST" name="searchItem" data-provider="getData" finished-at="2021-11-26T09:23:19 IST" duration-ms="3770" status="PASS">
          <params>
            <param index="0">
              <value>
                <![CDATA[Furniture]]>
              </value>
            </param>
            <param index="1">
              <value>
                <![CDATA[table]]>
              </value>
            </param>
          </params>
          <reporter-output>
            <line>
              <![CDATA[Amazon.in : table]]>
            </line>
            <line>
              <![CDATA[Incorrect title]]>
            </line>
          </reporter-output>
        </test-method> <!-- searchItem -->
        <test-method signature="searchItem(java.lang.String,java.lang.String)[pri:0, instance:com.qa.testscripts.TC_AmazonSearch_001@10d307f1]" started-at="2021-11-26T09:23:19 IST" name="searchItem" data-provider="getData" finished-at="2021-11-26T09:23:22 IST" duration-ms="3089" status="PASS">
          <params>
            <param index="0">
              <value>
                <![CDATA[Books]]>
              </value>
            </param>
            <param index="1">
              <value>
                <![CDATA[gunaseelan]]>
              </value>
            </param>
          </params>
          <reporter-output>
            <line>
              <![CDATA[Amazon.in : gunaseelan]]>
            </line>
            <line>
              <![CDATA[Incorrect title]]>
            </line>
          </reporter-output>
        </test-method> <!-- searchItem -->
        <test-method is-config="true" signature="tearDown()[pri:0, instance:com.qa.testscripts.TC_AmazonSearch_001@10d307f1]" started-at="2021-11-26T09:23:22 IST" name="tearDown" finished-at="2021-11-26T09:23:27 IST" duration-ms="4177" status="PASS">
          <reporter-output>
          </reporter-output>
        </test-method> <!-- tearDown -->
      </class> <!-- com.qa.testscripts.TC_AmazonSearch_001 -->
    </test> <!-- ChromeTest -->
  </suite> <!-- Suite -->
</testng-results>
